[RUN #0 4 5]
346 449 558 -400
420 529 -196 -938
-315 858 82 368
92 -523 -694 818
904 -642 730 -219
[RUN #1 4 5]
212 547 42 685
-430 846 461 -704
114 922 -977 -230
-613 -976 -188 844
463 -699 423 831
[RUN #2 4 5]
-541 973 227 272
795 -332 568 786
-454 -516 449 467
-297 -450 363 -780
-759 -524 -820 919
[RUN #3 4 5]
323 844 -804 103
757 528 350 -867
-5 -615 787 615
296 127 -478 533
-442 -503 984 -165
[RUN #4 4 5]
-759 693 -583 44
123 -434 -506 140
-312 475 625 198
382 -745 -958 -834
-301 -765 -806 256
[RUN #5 4 5]
715 939 -998 -765
-11 687 814 359
831 -872 -262 305
-979 -506 -786 533
597 406 -166 395
[RUN #6 4 5]
-154 -796 -743 -504
-119 -659 -28 71
591 -469 977 1
856 765 463 -681
-434 965 775 -415
[RUN #7 4 5]
-845 220 -12 256
-180 -428 -589 -364
221 106 -19 61
-428 624 -463 -2
-519 -881 -408 228
[RUN #8 3-5 5]
-346 827 -436
-525 -183 -327
353 -83 -72
554 -862 782
294 270 -989
-841 601 794 652
-22 970 233 608
721 -932 -584 845
-25 762 -196 630
964 64 776 -2
-708 -880 -822 -937 877
-215 356 902 -875 -259
[RUN #9 5 5]
921 843 969 -372 -907
[RUN #10 5 5]
439 744 -631 140 310
-386 -524 716 334 166
860 511 904 822 -462
-339 -308 230 289 138
317 -357 547 -696 572
[RUN #11 4 5]
-557 787 48 413
115 -49 92 703
-670 -317 730 461
-217 670 230 446
469 -930 167 -81
[RUN #12 4 5]
743 795 -881 116
916 -932 886 -896
-406 -533 286 -57
-123 417 419 979
933 -96 -830 -472
[RUN #13 4 5]
188 -629 458 -257
670 -159 703 342
-946 480 -438 -385
776 -633 -386 -231
-67 -570 203 922
[RUN #14 4 5]
-965 -97 -245 986
918 -154 -108 -73
996 86 -223 918
-483 485 -190 -302
881 -543 417 -847
[RUN #15 3-4 50]
-785 -164 327
333 443 -999
93 -36 -396
-439 806 785
1 244 -817
-191 126 299
-287 -740 291
356 274 -215
-201 854 -216
-989 967 576
727 -263 -209
-358 391 795
-737 737 882
-94 -212 44
-526 -383 -59
-27 299 385
195 -610 -564
-62 -173 -927
-223 423 353
-787 773 419
505 749 895
97 -256 333
-5 -848 -588
-587 437 -653
-788 449 439
672 -305 970
-483 -508 -276
-811 -815 -37
-262 423 -196
-178 -466 866
918 -193 -499
247 -878 29
111 286 -697
-960 922 204
-713 432 229
685 -746 427
-291 994 859
-153 -593 -988
264 394 727
669 -756 506
441 551 -389
-713 -109 167
-6 -150 144
-961 904 604
-837 -994 169
745 -183 -682
458 76 -968
823 35 -732
-457 -364 -5
839 -696 478
366 -67 187 984
-532 -909 -666 184
577 -75 -117 -602
777 880 -895 788
-264 -505 -204 585
-481 -187 -325 848
568 -126 -103 23
-502 650 -682 107
-651 476 738 -360
145 468 -418 -857
-109 455 -110 58
272 743 309 -783
-395 -214 85 -695
-737 785 234 774
-971 927 -394 792
-964 155 171 611
-292 -310 980 -506
-667 99 570 356
-888 -661 285 -301
636 779 594 139
-298 -404 205 294
-62 -79 359 343
-584 -475 924 -676
-455 -598 -902 13
-385 937 922 -545
1 345 -546 -350
613 -844 -617 -192
597 -900 -476 3
-792 44 -934 558
-646 793 -760 -164
961 811 702 -848
92 358 251 -170
-272 -136 -89 808
937 631 -312 -991
473 -283 175 950
-470 -71 285 101
-106 561 217 -757
-210 -630 105 420
-126 394 631 -908
770 414 610 -216
573 -642 415 -90
-969 -547 -754 -65
11 673 349 -175
-206 -744 -179 292
125 -753 -205 350
-70 -492 271 -559
-302 -968 653 317
-188 741 260 -729
-563 -97 26 803
363 755 -849 497
[RUN #16 5 5]
80 458 -847 -978 9
703 432 -760 403 147
-26 163 445 -504 791
837 -571 -605 598 205
-896 211 -328 848 589
[RUN #17 5 10]
702 -385 919 -81 -56
-408 -67 -556 655 72
-969 911 -616 -344 -700
971 -586 432 56 -799
-259 -549 -29 414 -797
934 -987 -124 -477 13
-626 268 343 106 650
304 747 768 -537 -444
[RUN #18 5 50]
-132 -318 199 -358 -430
[RUN #19 5 50]
941 -603 579 317 -466
-614 -954 -318 589 884
493 -529 385 -605 -447
-129 -131 -338 37 351
225 373 283 531 106
415 -996 759 -887 798
-11 -2 -465 -587 -118
-841 -755 572 219 329
950 562 536 113 486
15 893 -876 -839 14
600 533 -556 -851 -73
263 485 539 -860 251
[RUN #20 5 50]
949 634 829 159 443
[RUN #21 5 50]
631 402 924 -153 653
-804 238 -957 -51 -486
-794 -584 -49 -888 309
-20 734 91 594 -38
-948 327 727 -244 -114
664 709 -43 423 928
[RUN #22 5 50]
-555 239 651 418 987
-657 -127 19 -696 -411
514 -182 831 484 842
587 -118 493 679 548
647 128 793 770 867
477 577 -60 -217 689
[RUN #23 5 50]
-100 72 479 392 846
[RUN #24 5 50]
506 195 624 -365 -388
[RUN #25 5 50]
-206 -576 980 -305 -115
[RUN #26 5 50]
357 669 247 278 9
[RUN #27 5 50]
545 830 -982 -207 783
[RUN #28 5 50]
227 986 124 519 855
710 -657 -250 -960 449
550 417 291 413 248
-274 -320 643 -686 654
464 249 53 -785 -836
896 163 -963 473 -550
[RUN #29 5 50]
-687 -656 622 -127 620
690 119 -72 198 -773
[RUN #30 5 50]
-787 -321 842 -345 -549
911 373 719 -949 -701
[RUN #31 5 50]
68 952 -641 -28 613
[RUN #32 5 50]
617 631 737 481 -758
[RUN #33 5 50]
600 948 832 -592 -50
[RUN #34 5 50]
-107 -141 224 -981 954
-845 945 -130 572 -291
-995 286 -231 549 -368
512 -90 993 25 -460
666 -699 173 -143 -8
719 3 302 -768 556
-869 -809 823 -739 899
855 -476 -431 -954 474
-328 575 -930 814 -919
[RUN #35 5 50]
309 807 61 459 202
